<?xml version="1.0" encoding="UTF-8"?>
<!-- Generated by org.testng.reporters.JUnitReportReporter -->
<testsuite skipped="0" hostname="DESKTOP-PJ3QETV" name="screenRecorderTestCase.SwitchingGoogleFacebook" tests="1" failures="0" timestamp="06 Jan 2019 14:17:32 GMT" time="37.870" errors="0">
  <testcase name="navigation_FeatureTest" time="37.870" classname="screenRecorderTestCase.SwitchingGoogleFacebook"/>
</testsuite> <!-- screenRecorderTestCase.SwitchingGoogleFacebook -->
