<?xml version="1.0" encoding="UTF-8"?>
<!-- Generated by org.testng.reporters.JUnitReportReporter -->
<testsuite skipped="0" hostname="DESKTOP-PJ3QETV" name="windowHandler.HandlingWindowInSameBrowser" tests="1" failures="0" timestamp="25 Dec 2018 14:44:25 GMT" time="10.319" errors="0">
  <testcase name="handlingWindowInSameBrowser" time="10.319" classname="windowHandler.HandlingWindowInSameBrowser"/>
</testsuite> <!-- windowHandler.HandlingWindowInSameBrowser -->
