<?xml version="1.0" encoding="UTF-8"?>
<!-- Generated by org.testng.reporters.JUnitReportReporter -->
<testsuite skipped="0" hostname="DESKTOP-PJ3QETV" name="windowHandler.WithoutDriverPath" tests="1" failures="0" timestamp="12 Jan 2019 08:17:14 GMT" time="68.214" errors="0">
  <testcase name="openChromeBrowser" time="68.214" classname="windowHandler.WithoutDriverPath"/>
</testsuite> <!-- windowHandler.WithoutDriverPath -->
