<?xml version="1.0" encoding="UTF-8"?>
<!-- Generated by org.testng.reporters.JUnitReportReporter -->
<testsuite skipped="0" hostname="DESKTOP-PJ3QETV" name="windowHandler.WithoutDriverPath" tests="1" failures="0" timestamp="31 Dec 2018 14:58:04 GMT" time="100.310" errors="0">
  <testcase name="openChromeBrowser" time="100.310" classname="windowHandler.WithoutDriverPath"/>
</testsuite> <!-- windowHandler.WithoutDriverPath -->
